<?xml version="1.0" encoding="UTF-8"?>
<!-- Generated by org.testng.reporters.JUnitReportReporter -->
<testsuite skipped="0" hostname="DESKTOP-QUD8HLU" name="project.LoginTest" tests="1" failures="0" timestamp="15 Feb 2019 06:41:39 GMT" time="0.018" errors="0">
  <testcase name="LoginTest" time="0.018" classname="project.LoginTest"/>
</testsuite> <!-- project.LoginTest -->
